running tests
<?xml version="1.0" encoding="UTF-8"?>
<!DOCTYPE html PUBLIC "-//W3C//DTD XHTML 1.0 Strict//EN" "http://www.w3.org/TR/xhtml1/DTD/xhtml1-strict.dtd">
<html xmlns="http://www.w3.org/1999/xhtml">
<head>
    <title>Unit Test Report</title>
    <meta name="generator" content="HTMLTestRunner 0.8.2"/>
    <meta http-equiv="Content-Type" content="text/html; charset=UTF-8"/>
    
<style type="text/css" media="screen">
body        { font-family: verdana, arial, helvetica, sans-serif; font-size: 80%; }
table       { font-size: 100%; }
pre         { }

/* -- heading ---------------------------------------------------------------------- */
h1 {
	font-size: 16pt;
	color: gray;
}
.heading {
    margin-top: 0ex;
    margin-bottom: 1ex;
}

.heading .attribute {
    margin-top: 1ex;
    margin-bottom: 0;
}

.heading .description {
    margin-top: 4ex;
    margin-bottom: 6ex;
}

/* -- css div popup ------------------------------------------------------------------------ */
a.popup_link {
}

a.popup_link:hover {
    color: red;
}

.popup_window {
    display: none;
    position: relative;
    left: 0px;
    top: 0px;
    /*border: solid #627173 1px; */
    padding: 10px;
    background-color: #E6E6D6;
    font-family: "Lucida Console", "Courier New", Courier, monospace;
    text-align: left;
    font-size: 8pt;
    width: 500px;
}

}
/* -- report ------------------------------------------------------------------------ */
#show_detail_line {
    margin-top: 3ex;
    margin-bottom: 1ex;
}
#result_table {
    width: 80%;
    border-collapse: collapse;
    border: 1px solid #777;
}
#header_row {
    font-weight: bold;
    color: white;
    background-color: #777;
}
#result_table td {
    border: 1px solid #777;
    padding: 2px;
}
#total_row  { font-weight: bold; }
.passClass  { background-color: #6c6; }
.failClass  { background-color: #c60; }
.errorClass { background-color: #c00; }
.passCase   { color: #6c6; }
.failCase   { color: #c60; font-weight: bold; }
.errorCase  { color: #c00; font-weight: bold; }
.hiddenRow  { display: none; }
.testcase   { margin-left: 2em; }


/* -- ending ---------------------------------------------------------------------- */
#ending {
}

</style>

</head>
<body>
<script language="javascript" type="text/javascript"><!--
output_list = Array();

/* level - 0:Summary; 1:Failed; 2:All */
function showCase(level) {
    trs = document.getElementsByTagName("tr");
    for (var i = 0; i < trs.length; i++) {
        tr = trs[i];
        id = tr.id;
        if (id.substr(0,2) == 'ft') {
            if (level < 1) {
                tr.className = 'hiddenRow';
            }
            else {
                tr.className = '';
            }
        }
        if (id.substr(0,2) == 'pt') {
            if (level > 1) {
                tr.className = '';
            }
            else {
                tr.className = 'hiddenRow';
            }
        }
    }
}


function showClassDetail(cid, count) {
    var id_list = Array(count);
    var toHide = 1;
    for (var i = 0; i < count; i++) {
        tid0 = 't' + cid.substr(1) + '.' + (i+1);
        tid = 'f' + tid0;
        tr = document.getElementById(tid);
        if (!tr) {
            tid = 'p' + tid0;
            tr = document.getElementById(tid);
        }
        id_list[i] = tid;
        if (tr.className) {
            toHide = 0;
        }
    }
    for (var i = 0; i < count; i++) {
        tid = id_list[i];
        if (toHide) {
            document.getElementById('div_'+tid).style.display = 'none'
            document.getElementById(tid).className = 'hiddenRow';
        }
        else {
            document.getElementById(tid).className = '';
        }
    }
}


function showTestDetail(div_id){
    var details_div = document.getElementById(div_id)
    var displayState = details_div.style.display
    // alert(displayState)
    if (displayState != 'block' ) {
        displayState = 'block'
        details_div.style.display = 'block'
    }
    else {
        details_div.style.display = 'none'
    }
}


function html_escape(s) {
    s = s.replace(/&/g,'&amp;');
    s = s.replace(/</g,'&lt;');
    s = s.replace(/>/g,'&gt;');
    return s;
}

/* obsoleted by detail in <div>
function showOutput(id, name) {
    var w = window.open("", //url
                    name,
                    "resizable,scrollbars,status,width=800,height=450");
    d = w.document;
    d.write("<pre>");
    d.write(html_escape(output_list[id]));
    d.write("\n");
    d.write("<a href='javascript:window.close()'>close</a>\n");
    d.write("</pre>\n");
    d.close();
}
*/
--></script>

<div class='heading'>
<h1>Unit Test Report</h1>
<p class='attribute'><strong>Start Time:</strong> 2016-10-15 22:29:14</p>
<p class='attribute'><strong>Duration:</strong> 0:10:19.595000</p>
<p class='attribute'><strong>Status:</strong> Pass 14 Failure 5 Error 5</p>

<p class='description'></p>
</div>



<p id='show_detail_line'>Show
<a href='javascript:showCase(0)'>Summary</a>
<a href='javascript:showCase(1)'>Failed</a>
<a href='javascript:showCase(2)'>All</a>
</p>
<table id='result_table'>
<colgroup>
<col align='left' />
<col align='right' />
<col align='right' />
<col align='right' />
<col align='right' />
<col align='right' />
</colgroup>
<tr id='header_row'>
    <td>Test Group/Test case</td>
    <td>Count</td>
    <td>Pass</td>
    <td>Fail</td>
    <td>Error</td>
    <td>View</td>
</tr>

<tr class='passClass'>
    <td>test_t0_clearquests.ClearQuests</td>
    <td>1</td>
    <td>1</td>
    <td>0</td>
    <td>0</td>
    <td><a href="javascript:showClassDetail('c1',1)">Detail</a></td>
</tr>

<tr id='pt1.1' class='hiddenRow'>
    <td class='none'><div class='testcase'>test_question</div></td>
    <td colspan='5' align='center'>pass</td>
</tr>

<tr class='failClass'>
    <td>test_t1_amend_user2.TestRegisterPage</td>
    <td>4</td>
    <td>0</td>
    <td>4</td>
    <td>0</td>
    <td><a href="javascript:showClassDetail('c2',4)">Detail</a></td>
</tr>

<tr id='ft2.1' class='none'>
    <td class='failCase'><div class='testcase'>test_put_values_in_register_form_1___Testuser6____user6____North_America____Unspecified____Unspecified__</div></td>
    <td colspan='5' align='center'>

    <!--css div popup start-->
    <a class="popup_link" onfocus='this.blur();' href="javascript:showTestDetail('div_ft2.1')" >
        fail</a>

    <div id='div_ft2.1' class="popup_window">
        <div style='text-align: right; color:red;cursor:pointer'>
        <a onfocus='this.blur();' onclick="document.getElementById('div_ft2.1').style.display = 'none' " >
           [x]</a>
        </div>
        <pre>
        
ft2.1: Traceback (most recent call last):
  File "C:\Python27\lib\site-packages\ddt.py", line 139, in wrapper
    return func(self, *args, **kwargs)
  File "C:\web2py\applications\gdms\fts\test_t1_amend_user2.py", line 72, in test_put_values_in_register_form
    self.assertIn(resultstring, body.text)
AssertionError: 'Changes applied' not found in u"Welcome to Net Decision Making\n\xd7\nWelcome Testuser6\nAbout\nCreate\nAnswer\nReview\nPlan\nMy NDS\nNet Decision Making\nThis system should be used for questions on any topic that you consider important to human progress\nItem Status\nNo items\nHighest Priority Actions\nRecently Resolved Questions\nTop Priority Questions In Progress\nNext event question map\nNo Event\nPlease be aware this is a prototype system and it is being actively developed. No guarantees are made surrounding it's ongoing availability in its present form. Feedback and suggestions for improvement are however very welcome. Please E-Mail Feedback\nUpcoming Events\nEvent\nUser Details\nTestuser6 Testuser6 (id:6)\nScore: 0\nRating: 0\nQuestions: 0\nCorrect (0)\nWrong (0)\nPassed (0)\nIn Progress (0)\nLocation Filter\nNorth America\nUnspecified\nUnspecified\nCopyright \xa9 2016\nPowered by web2py\nShare"


        </pre>
    </div>
    <!--css div popup end-->

    </td>
</tr>

<tr id='ft2.2' class='none'>
    <td class='failCase'><div class='testcase'>test_put_values_in_register_form_2___Testuser8____user8____North_America____Canada____Alberta__</div></td>
    <td colspan='5' align='center'>

    <!--css div popup start-->
    <a class="popup_link" onfocus='this.blur();' href="javascript:showTestDetail('div_ft2.2')" >
        fail</a>

    <div id='div_ft2.2' class="popup_window">
        <div style='text-align: right; color:red;cursor:pointer'>
        <a onfocus='this.blur();' onclick="document.getElementById('div_ft2.2').style.display = 'none' " >
           [x]</a>
        </div>
        <pre>
        
ft2.2: Traceback (most recent call last):
  File "C:\Python27\lib\site-packages\ddt.py", line 139, in wrapper
    return func(self, *args, **kwargs)
  File "C:\web2py\applications\gdms\fts\test_t1_amend_user2.py", line 72, in test_put_values_in_register_form
    self.assertIn(resultstring, body.text)
AssertionError: 'Changes applied' not found in u"Welcome to Net Decision Making\n\xd7\nWelcome Testuser6\nAbout\nCreate\nAnswer\nReview\nPlan\nMy NDS\nNet Decision Making\nThis system should be used for questions on any topic that you consider important to human progress\nItem Status\nNo items\nHighest Priority Actions\nRecently Resolved Questions\nTop Priority Questions In Progress\nNext event question map\nNo Event\nPlease be aware this is a prototype system and it is being actively developed. No guarantees are made surrounding it's ongoing availability in its present form. Feedback and suggestions for improvement are however very welcome. Please E-Mail Feedback\nUpcoming Events\nEvent\nUser Details\nTestuser6 Testuser6 (id:6)\nScore: 0\nRating: 0\nQuestions: 0\nCorrect (0)\nWrong (0)\nPassed (0)\nIn Progress (0)\nLocation Filter\nNorth America\nCanada\nAlberta\nCopyright \xa9 2016\nPowered by web2py\nShare"


        </pre>
    </div>
    <!--css div popup end-->

    </td>
</tr>

<tr id='ft2.3' class='none'>
    <td class='failCase'><div class='testcase'>test_put_values_in_register_form_3___Testuser9____user9____North_America____Canada____Saskatchewan__</div></td>
    <td colspan='5' align='center'>

    <!--css div popup start-->
    <a class="popup_link" onfocus='this.blur();' href="javascript:showTestDetail('div_ft2.3')" >
        fail</a>

    <div id='div_ft2.3' class="popup_window">
        <div style='text-align: right; color:red;cursor:pointer'>
        <a onfocus='this.blur();' onclick="document.getElementById('div_ft2.3').style.display = 'none' " >
           [x]</a>
        </div>
        <pre>
        
ft2.3: Traceback (most recent call last):
  File "C:\Python27\lib\site-packages\ddt.py", line 139, in wrapper
    return func(self, *args, **kwargs)
  File "C:\web2py\applications\gdms\fts\test_t1_amend_user2.py", line 72, in test_put_values_in_register_form
    self.assertIn(resultstring, body.text)
AssertionError: 'Changes applied' not found in u"Welcome to Net Decision Making\n\xd7\nWelcome Testuser6\nAbout\nCreate\nAnswer\nReview\nPlan\nMy NDS\nNet Decision Making\nThis system should be used for questions on any topic that you consider important to human progress\nItem Status\nNo items\nHighest Priority Actions\nRecently Resolved Questions\nTop Priority Questions In Progress\nNext event question map\nNo Event\nPlease be aware this is a prototype system and it is being actively developed. No guarantees are made surrounding it's ongoing availability in its present form. Feedback and suggestions for improvement are however very welcome. Please E-Mail Feedback\nUpcoming Events\nEvent\nUser Details\nTestuser6 Testuser6 (id:6)\nScore: 0\nRating: 0\nQuestions: 0\nCorrect (0)\nWrong (0)\nPassed (0)\nIn Progress (0)\nLocation Filter\nNorth America\nCanada\nSaskatchewan\nCopyright \xa9 2016\nPowered by web2py\nShare"


        </pre>
    </div>
    <!--css div popup end-->

    </td>
</tr>

<tr id='ft2.4' class='none'>
    <td class='failCase'><div class='testcase'>test_put_values_in_register_form_4___Testuser7____user7____North_America____Canada____Unspecified__</div></td>
    <td colspan='5' align='center'>

    <!--css div popup start-->
    <a class="popup_link" onfocus='this.blur();' href="javascript:showTestDetail('div_ft2.4')" >
        fail</a>

    <div id='div_ft2.4' class="popup_window">
        <div style='text-align: right; color:red;cursor:pointer'>
        <a onfocus='this.blur();' onclick="document.getElementById('div_ft2.4').style.display = 'none' " >
           [x]</a>
        </div>
        <pre>
        
ft2.4: Traceback (most recent call last):
  File "C:\Python27\lib\site-packages\ddt.py", line 139, in wrapper
    return func(self, *args, **kwargs)
  File "C:\web2py\applications\gdms\fts\test_t1_amend_user2.py", line 72, in test_put_values_in_register_form
    self.assertIn(resultstring, body.text)
AssertionError: 'Changes applied' not found in u"Welcome to Net Decision Making\n\xd7\nWelcome Testuser6\nAbout\nCreate\nAnswer\nReview\nPlan\nMy NDS\nNet Decision Making\nThis system should be used for questions on any topic that you consider important to human progress\nItem Status\nNo items\nHighest Priority Actions\nRecently Resolved Questions\nTop Priority Questions In Progress\nNext event question map\nNo Event\nPlease be aware this is a prototype system and it is being actively developed. No guarantees are made surrounding it's ongoing availability in its present form. Feedback and suggestions for improvement are however very welcome. Please E-Mail Feedback\nUpcoming Events\nEvent\nUser Details\nTestuser6 Testuser6 (id:6)\nScore: 0\nRating: 0\nQuestions: 0\nCorrect (0)\nWrong (0)\nPassed (0)\nIn Progress (0)\nLocation Filter\nNorth America\nCanada\nUnspecified\nCopyright \xa9 2016\nPowered by web2py\nShare"


        </pre>
    </div>
    <!--css div popup end-->

    </td>
</tr>

<tr class='passClass'>
    <td>test_t1_amend_users.TestRegisterPage</td>
    <td>4</td>
    <td>4</td>
    <td>0</td>
    <td>0</td>
    <td><a href="javascript:showClassDetail('c3',4)">Detail</a></td>
</tr>

<tr id='pt3.1' class='hiddenRow'>
    <td class='none'><div class='testcase'>test_put_values_in_register_form_1___Testuser2____user2____Africa____Unspecified____Unspecified__</div></td>
    <td colspan='5' align='center'>pass</td>
</tr>

<tr id='pt3.2' class='hiddenRow'>
    <td class='none'><div class='testcase'>test_put_values_in_register_form_2___Testuser3____user3____Africa____South_Africa____Unspecified__</div></td>
    <td colspan='5' align='center'>pass</td>
</tr>

<tr id='pt3.3' class='hiddenRow'>
    <td class='none'><div class='testcase'>test_put_values_in_register_form_3___Testuser4____user4____Europe____Unspecified____Unspecified__</div></td>
    <td colspan='5' align='center'>pass</td>
</tr>

<tr id='pt3.4' class='hiddenRow'>
    <td class='none'><div class='testcase'>test_put_values_in_register_form_4___Testuser5____user5____Europe____Switzerland____Unspecified__</div></td>
    <td colspan='5' align='center'>pass</td>
</tr>

<tr class='passClass'>
    <td>test_th2_addquestion.AddBasicQuestion</td>
    <td>3</td>
    <td>3</td>
    <td>0</td>
    <td>0</td>
    <td><a href="javascript:showClassDetail('c4',3)">Detail</a></td>
</tr>

<tr id='pt4.1' class='hiddenRow'>
    <td class='none'><div class='testcase'>test_question_1___Africa_Continental____Ans1____Ans2____2_Continental____Africa____South_Africa____Unspecified__</div></td>
    <td colspan='5' align='center'>pass</td>
</tr>

<tr id='pt4.2' class='hiddenRow'>
    <td class='none'><div class='testcase'>test_question_2___Saskatchewan_Local____Ans1____Ans2____4_Provincial____North_America____Canada____Saskatchewan__</div></td>
    <td colspan='5' align='center'>pass</td>
</tr>

<tr id='pt4.3' class='hiddenRow'>
    <td class='none'><div class='testcase'>test_question_3___Switzerland_National____Ans1____Ans2____3_National____Europe____Switzerland____Unspecified__</div></td>
    <td colspan='5' align='center'>pass</td>
</tr>

<tr class='errorClass'>
    <td>test_th2_answerquestion.AnswerQuestion</td>
    <td>8</td>
    <td>2</td>
    <td>1</td>
    <td>5</td>
    <td><a href="javascript:showClassDetail('c5',8)">Detail</a></td>
</tr>

<tr id='ft5.1' class='none'>
    <td class='failCase'><div class='testcase'>test_answer_1___Testuser2____user2____2____in_progress____Africa_Continental__</div></td>
    <td colspan='5' align='center'>

    <!--css div popup start-->
    <a class="popup_link" onfocus='this.blur();' href="javascript:showTestDetail('div_ft5.1')" >
        fail</a>

    <div id='div_ft5.1' class="popup_window">
        <div style='text-align: right; color:red;cursor:pointer'>
        <a onfocus='this.blur();' onclick="document.getElementById('div_ft5.1').style.display = 'none' " >
           [x]</a>
        </div>
        <pre>
        
ft5.1: Traceback (most recent call last):
  File "C:\Python27\lib\site-packages\ddt.py", line 139, in wrapper
    return func(self, *args, **kwargs)
  File "C:\web2py\applications\gdms\fts\test_th2_answerquestion.py", line 95, in test_answer
    self.assertIn(result1, body.text)
AssertionError: 'in progress' not found in u'Welcome Testuser2\nAbout\nCreate\nAnswer\nReview\nPlan\nMy NDS\nNet Decision Making\nParent Items\nChild Items\nQuestion\nAfrica Continental\nAnswers\nUsers have resolved that the correct answer is:\nyes\nAnswer Analysis\nyes\nno\nThis question has been answered 1 times. 0 users passed on this question. The current category is Strategy.\nReasons\nthe right answer selenium testing\nWell done - you helped resolve this question. - if you think the answer is wrong you may wish to challenge\nChallenge\nReason:\nUrgency and importance\nHere is how you and other people have rated the urgency and importance of the question so far.\nUrgency Importance\nOverall\nYou\nCopyright: Has probably been eliminated on more advanced planets\nPowered by web2py\nShare'


        </pre>
    </div>
    <!--css div popup end-->

    </td>
</tr>

<tr id='ft5.2' class='none'>
    <td class='errorCase'><div class='testcase'>test_answer_2___Testuser3____user3____2____in_progress____Africa_Continental__</div></td>
    <td colspan='5' align='center'>

    <!--css div popup start-->
    <a class="popup_link" onfocus='this.blur();' href="javascript:showTestDetail('div_ft5.2')" >
        error</a>

    <div id='div_ft5.2' class="popup_window">
        <div style='text-align: right; color:red;cursor:pointer'>
        <a onfocus='this.blur();' onclick="document.getElementById('div_ft5.2').style.display = 'none' " >
           [x]</a>
        </div>
        <pre>
        
ft5.2: Traceback (most recent call last):
  File "C:\Python27\lib\site-packages\ddt.py", line 139, in wrapper
    return func(self, *args, **kwargs)
  File "C:\web2py\applications\gdms\fts\test_th2_answerquestion.py", line 63, in test_answer
    element = wait.until(EC.element_to_be_clickable((By.XPATH, ansstring)))
  File "C:\Python27\lib\site-packages\selenium\webdriver\support\wait.py", line 80, in until
    raise TimeoutException(message, screen, stacktrace)
TimeoutException: Message: 



        </pre>
    </div>
    <!--css div popup end-->

    </td>
</tr>

<tr id='ft5.3' class='none'>
    <td class='errorCase'><div class='testcase'>test_answer_3___Testuser4____user4____2____in_progress____Switzerland_National__</div></td>
    <td colspan='5' align='center'>

    <!--css div popup start-->
    <a class="popup_link" onfocus='this.blur();' href="javascript:showTestDetail('div_ft5.3')" >
        error</a>

    <div id='div_ft5.3' class="popup_window">
        <div style='text-align: right; color:red;cursor:pointer'>
        <a onfocus='this.blur();' onclick="document.getElementById('div_ft5.3').style.display = 'none' " >
           [x]</a>
        </div>
        <pre>
        
ft5.3: Traceback (most recent call last):
  File "C:\Python27\lib\site-packages\ddt.py", line 139, in wrapper
    return func(self, *args, **kwargs)
  File "C:\web2py\applications\gdms\fts\test_th2_answerquestion.py", line 63, in test_answer
    element = wait.until(EC.element_to_be_clickable((By.XPATH, ansstring)))
  File "C:\Python27\lib\site-packages\selenium\webdriver\support\wait.py", line 80, in until
    raise TimeoutException(message, screen, stacktrace)
TimeoutException: Message: 



        </pre>
    </div>
    <!--css div popup end-->

    </td>
</tr>

<tr id='ft5.4' class='none'>
    <td class='errorCase'><div class='testcase'>test_answer_4___Testuser5____user5____2____in_progress____Switzerland_National__</div></td>
    <td colspan='5' align='center'>

    <!--css div popup start-->
    <a class="popup_link" onfocus='this.blur();' href="javascript:showTestDetail('div_ft5.4')" >
        error</a>

    <div id='div_ft5.4' class="popup_window">
        <div style='text-align: right; color:red;cursor:pointer'>
        <a onfocus='this.blur();' onclick="document.getElementById('div_ft5.4').style.display = 'none' " >
           [x]</a>
        </div>
        <pre>
        
ft5.4: Traceback (most recent call last):
  File "C:\Python27\lib\site-packages\ddt.py", line 139, in wrapper
    return func(self, *args, **kwargs)
  File "C:\web2py\applications\gdms\fts\test_th2_answerquestion.py", line 63, in test_answer
    element = wait.until(EC.element_to_be_clickable((By.XPATH, ansstring)))
  File "C:\Python27\lib\site-packages\selenium\webdriver\support\wait.py", line 80, in until
    raise TimeoutException(message, screen, stacktrace)
TimeoutException: Message: 



        </pre>
    </div>
    <!--css div popup end-->

    </td>
</tr>

<tr id='ft5.5' class='none'>
    <td class='errorCase'><div class='testcase'>test_answer_5___Testuser6____user6____2____in_progress____Saskatchewan_Local__</div></td>
    <td colspan='5' align='center'>

    <!--css div popup start-->
    <a class="popup_link" onfocus='this.blur();' href="javascript:showTestDetail('div_ft5.5')" >
        error</a>

    <div id='div_ft5.5' class="popup_window">
        <div style='text-align: right; color:red;cursor:pointer'>
        <a onfocus='this.blur();' onclick="document.getElementById('div_ft5.5').style.display = 'none' " >
           [x]</a>
        </div>
        <pre>
        
ft5.5: Traceback (most recent call last):
  File "C:\Python27\lib\site-packages\ddt.py", line 139, in wrapper
    return func(self, *args, **kwargs)
  File "C:\web2py\applications\gdms\fts\test_th2_answerquestion.py", line 63, in test_answer
    element = wait.until(EC.element_to_be_clickable((By.XPATH, ansstring)))
  File "C:\Python27\lib\site-packages\selenium\webdriver\support\wait.py", line 80, in until
    raise TimeoutException(message, screen, stacktrace)
TimeoutException: Message: 



        </pre>
    </div>
    <!--css div popup end-->

    </td>
</tr>

<tr id='ft5.6' class='none'>
    <td class='errorCase'><div class='testcase'>test_answer_6___Testuser7____user7____2____in_progress____Saskatchewan_Local__</div></td>
    <td colspan='5' align='center'>

    <!--css div popup start-->
    <a class="popup_link" onfocus='this.blur();' href="javascript:showTestDetail('div_ft5.6')" >
        error</a>

    <div id='div_ft5.6' class="popup_window">
        <div style='text-align: right; color:red;cursor:pointer'>
        <a onfocus='this.blur();' onclick="document.getElementById('div_ft5.6').style.display = 'none' " >
           [x]</a>
        </div>
        <pre>
        
ft5.6: Traceback (most recent call last):
  File "C:\Python27\lib\site-packages\ddt.py", line 139, in wrapper
    return func(self, *args, **kwargs)
  File "C:\web2py\applications\gdms\fts\test_th2_answerquestion.py", line 63, in test_answer
    element = wait.until(EC.element_to_be_clickable((By.XPATH, ansstring)))
  File "C:\Python27\lib\site-packages\selenium\webdriver\support\wait.py", line 80, in until
    raise TimeoutException(message, screen, stacktrace)
TimeoutException: Message: 



        </pre>
    </div>
    <!--css div popup end-->

    </td>
</tr>

<tr id='pt5.7' class='hiddenRow'>
    <td class='none'><div class='testcase'>test_answer_7___Testuser8____user8____9____All_questions____All_questions__</div></td>
    <td colspan='5' align='center'>pass</td>
</tr>

<tr id='pt5.8' class='hiddenRow'>
    <td class='none'><div class='testcase'>test_answer_8___Testuser9____user9____2____ell_done____Saskatchewan_Local__</div></td>
    <td colspan='5' align='center'>pass</td>
</tr>

<tr class='passClass'>
    <td>test_tz_reset_users.TestRegisterPage</td>
    <td>4</td>
    <td>4</td>
    <td>0</td>
    <td>0</td>
    <td><a href="javascript:showClassDetail('c6',4)">Detail</a></td>
</tr>

<tr id='pt6.1' class='hiddenRow'>
    <td class='none'><div class='testcase'>test_put_values_in_register_form_1___Testuser2____user2____Unspecified____Unspecified____Unspecified__</div></td>
    <td colspan='5' align='center'>pass</td>
</tr>

<tr id='pt6.2' class='hiddenRow'>
    <td class='none'><div class='testcase'>test_put_values_in_register_form_2___Testuser3____user3____Unspecified____Unspecified____Unspecified__</div></td>
    <td colspan='5' align='center'>pass</td>
</tr>

<tr id='pt6.3' class='hiddenRow'>
    <td class='none'><div class='testcase'>test_put_values_in_register_form_3___Testuser4____user4____Unspecified____Unspecified____Unspecified__</div></td>
    <td colspan='5' align='center'>pass</td>
</tr>

<tr id='pt6.4' class='hiddenRow'>
    <td class='none'><div class='testcase'>test_put_values_in_register_form_4___Testuser5____user5____Unspecified____Unspecified____Unspecified__</div></td>
    <td colspan='5' align='center'>pass</td>
</tr>

<tr id='total_row'>
    <td>Total</td>
    <td>24</td>
    <td>14</td>
    <td>5</td>
    <td>5</td>
    <td>&nbsp;</td>
</tr>
</table>

<div id='ending'>&nbsp;</div>

</body>
</html>
